Using pre-set license
Built from '2021.1/staging' branch; Version is '2021.1.5f1 (3737af19df53) revision 3618735'; Using compiler version '192528614'; Build Type 'Release'
OS: 'Windows 10 Enterprise LTSC 2019; OS build 17763.1757; Version 1809; 64bit' Language: 'ru' Physical Memory: 16338 MB
BatchMode: 1, IsHumanControllingUs: 0, StartBugReporterOnCrash: 0, Is64bit: 1, IsPro: 0

 COMMAND LINE ARGUMENTS:
C:\Programs\Unity\2021.1.5f1\Editor\Unity.exe
-adb2
-batchMode
-noUpm
-name
AssetImportWorker0
-projectPath
D:/Repositories/ProjectX/ProjectX
-logFile
Logs/AssetImportWorker0.log
-srvPort
2190
Successfully changed project path to: D:/Repositories/ProjectX/ProjectX
D:/Repositories/ProjectX/ProjectX
Using Asset Import Pipeline V2.
Refreshing native plugins compatible for Editor in 74.74 ms, found 1 plugins.
Preloading 0 native plugins for Editor in 0.00 ms.
Initialize engine version: 2021.1.5f1 (3737af19df53)
[Subsystems] Discovering subsystems at path C:/Programs/Unity/2021.1.5f1/Editor/Data/Resources/UnitySubsystems
[Subsystems] Discovering subsystems at path D:/Repositories/ProjectX/ProjectX/Assets
GfxDevice: creating device client; threaded=0; jobified=0
Direct3D:
    Version:  Direct3D 11.0 [level 11.1]
    Renderer: NVIDIA GeForce GTX 1060 6GB (ID=0x1c03)
    Vendor:   NVIDIA
    VRAM:     6052 MB
    Driver:   27.21.14.6589
Initialize mono
Mono path[0] = 'C:/Programs/Unity/2021.1.5f1/Editor/Data/Managed'
Mono path[1] = 'C:/Programs/Unity/2021.1.5f1/Editor/Data/MonoBleedingEdge/lib/mono/unityjit'
Mono config path = 'C:/Programs/Unity/2021.1.5f1/Editor/Data/MonoBleedingEdge/etc'
Using monoOptions --debugger-agent=transport=dt_socket,embedding=1,server=y,suspend=n,address=127.0.0.1:56084
Begin MonoManager ReloadAssembly
Registering precompiled unity dll's ...
Register platform support module: C:/Programs/Unity/2021.1.5f1/Editor/Data/PlaybackEngines/WindowsStandaloneSupport/UnityEditor.WindowsStandalone.Extensions.dll
Registered in 0.001513 seconds.
Native extension for WindowsStandalone target not found
Refreshing native plugins compatible for Editor in 75.44 ms, found 1 plugins.
Preloading 0 native plugins for Editor in 0.00 ms.
Mono: successfully reloaded assembly
- Completed reload, in  1.866 seconds
Platform modules already initialized, skipping
Registering precompiled user dll's ...
Registered in 0.002968 seconds.
Begin MonoManager ReloadAssembly
Native extension for WindowsStandalone target not found
Refreshing native plugins compatible for Editor in 0.52 ms, found 1 plugins.
Preloading 0 native plugins for Editor in 0.00 ms.
Mono: successfully reloaded assembly
- Completed reload, in  0.932 seconds
Platform modules already initialized, skipping
========================================================================
Worker process is ready to serve import requests
Launched and connected shader compiler UnityShaderCompiler.exe after 0.04 seconds
Refreshing native plugins compatible for Editor in 0.57 ms, found 1 plugins.
Preloading 0 native plugins for Editor in 0.00 ms.
Unloading 2665 Unused Serialized files (Serialized files now loaded: 0)
System memory in use before: 98.1 MB.
System memory in use after: 98.2 MB.

Unloading 15 unused Assets to reduce memory usage. Loaded Objects now: 3117.
Total: 2.568800 ms (FindLiveObjects: 0.324700 ms CreateObjectMapping: 0.072900 ms MarkObjects: 2.077500 ms  DeleteObjects: 0.092200 ms)

========================================================================
Received Import Request.
  path: Assets
  artifactKey: Guid(00000000000000001000000000000000) Importer(815301076,1909f56bfc062723c751e8b465ee728b)
Start importing Assets using Guid(00000000000000001000000000000000) Importer(815301076,1909f56bfc062723c751e8b465ee728b)  -> (artifact id: '42d402b061de3733987d63b9cc3b64de') in 0.013380 seconds 
========================================================================
Received Import Request.
  Time since last request: 6.202940 seconds.
  path: Assets/Models
  artifactKey: Guid(8e3e3d9727ba94c48b0e8162e24b6080) Importer(815301076,1909f56bfc062723c751e8b465ee728b)
Start importing Assets/Models using Guid(8e3e3d9727ba94c48b0e8162e24b6080) Importer(815301076,1909f56bfc062723c751e8b465ee728b)  -> (artifact id: '3a7793b3bccf913466508aa234fc565d') in 0.010159 seconds 
========================================================================
Received Import Request.
  Time since last request: 9.318894 seconds.
  path: Assets/Models/character
  artifactKey: Guid(25562ddf53aef2441a99f607e537b746) Importer(815301076,1909f56bfc062723c751e8b465ee728b)
Start importing Assets/Models/character using Guid(25562ddf53aef2441a99f607e537b746) Importer(815301076,1909f56bfc062723c751e8b465ee728b)  -> (artifact id: '224902b78c6bc5f11e461bf6d29f1651') in 0.010169 seconds 
========================================================================
Received Import Request.
  Time since last request: 19.375045 seconds.
  path: Assets/Models/Hero
  artifactKey: Guid(25562ddf53aef2441a99f607e537b746) Importer(815301076,1909f56bfc062723c751e8b465ee728b)
Start importing Assets/Models/Hero using Guid(25562ddf53aef2441a99f607e537b746) Importer(815301076,1909f56bfc062723c751e8b465ee728b)  -> (artifact id: '90df327929a77d7b5b0989d98cd6c12e') in 0.010129 seconds 
========================================================================
Received Import Request.
  Time since last request: 72.924352 seconds.
  path: Assets/Models/Hero/chr_knight-0.obj
  artifactKey: Guid(5e253dafc9ee7524181b3559539baea2) Importer(815301076,1909f56bfc062723c751e8b465ee728b)
Start importing Assets/Models/Hero/chr_knight-0.obj using Guid(5e253dafc9ee7524181b3559539baea2) Importer(815301076,1909f56bfc062723c751e8b465ee728b)  -> (artifact id: '35f4dc615581e0f2edb72848f5daddfa') in 0.349639 seconds 
========================================================================
Received Import Request.
  Time since last request: 0.000163 seconds.
  path: Assets/Models/Hero/chr_knight-3.png
  artifactKey: Guid(6156344e169200c4e8fccd9d93cc5d21) Importer(815301076,1909f56bfc062723c751e8b465ee728b)
Start importing Assets/Models/Hero/chr_knight-3.png using Guid(6156344e169200c4e8fccd9d93cc5d21) Importer(815301076,1909f56bfc062723c751e8b465ee728b)  -> (artifact id: '3a8e9d442b05015f64d720db25143542') in 0.023023 seconds 
========================================================================
Received Import Request.
  Time since last request: 0.000192 seconds.
  path: Assets/Models/Hero/chr_knight-3.obj
  artifactKey: Guid(8cf4a17026e1f3b48b5a31545576ad0e) Importer(815301076,1909f56bfc062723c751e8b465ee728b)
Start importing Assets/Models/Hero/chr_knight-3.obj using Guid(8cf4a17026e1f3b48b5a31545576ad0e) Importer(815301076,1909f56bfc062723c751e8b465ee728b)  -> (artifact id: 'acc048e892130787f1474f9c618655c3') in 0.024192 seconds 
========================================================================
Received Import Request.
  Time since last request: 0.000196 seconds.
  path: Assets/Models/Hero/chr_knight-1.png
  artifactKey: Guid(1936b6a1f5ffa274fa4c7500169e3a35) Importer(815301076,1909f56bfc062723c751e8b465ee728b)
Start importing Assets/Models/Hero/chr_knight-1.png using Guid(1936b6a1f5ffa274fa4c7500169e3a35) Importer(815301076,1909f56bfc062723c751e8b465ee728b)  -> (artifact id: 'b4423c8c3d20d31f73c879e6fa5cc8d9') in 0.010419 seconds 
========================================================================
Received Import Request.
  Time since last request: 0.000190 seconds.
  path: Assets/Models/Hero/chr_knight-4.obj
  artifactKey: Guid(35c41d5585c2976489838d66e53c7c86) Importer(815301076,1909f56bfc062723c751e8b465ee728b)
Start importing Assets/Models/Hero/chr_knight-4.obj using Guid(35c41d5585c2976489838d66e53c7c86) Importer(815301076,1909f56bfc062723c751e8b465ee728b)  -> (artifact id: 'ebecdbe6ed397321bd4f2901797abd08') in 0.032006 seconds 
========================================================================
Received Import Request.
  Time since last request: 0.000196 seconds.
  path: Assets/Models/Hero/chr_knight-0.png
  artifactKey: Guid(64fc523b6f0953f479f5fc71e91312ad) Importer(815301076,1909f56bfc062723c751e8b465ee728b)
Start importing Assets/Models/Hero/chr_knight-0.png using Guid(64fc523b6f0953f479f5fc71e91312ad) Importer(815301076,1909f56bfc062723c751e8b465ee728b)  -> (artifact id: 'af26a3c2acb6eeb16251b4f1ede7b339') in 0.005284 seconds 
========================================================================
Received Import Request.
  Time since last request: 0.000176 seconds.
  path: Assets/Models/Hero/chr_knight-2.obj
  artifactKey: Guid(65dbca33c67fd9740a787a47b23f3361) Importer(815301076,1909f56bfc062723c751e8b465ee728b)
Start importing Assets/Models/Hero/chr_knight-2.obj using Guid(65dbca33c67fd9740a787a47b23f3361) Importer(815301076,1909f56bfc062723c751e8b465ee728b)  -> (artifact id: 'f9b57c192791462218bba1b355161c88') in 0.030545 seconds 
========================================================================
Received Import Request.
  Time since last request: 0.000169 seconds.
  path: Assets/Models/Hero/chr_knight-5.png
  artifactKey: Guid(1fbc57b44d4b1d24895f49978134d6d8) Importer(815301076,1909f56bfc062723c751e8b465ee728b)
Start importing Assets/Models/Hero/chr_knight-5.png using Guid(1fbc57b44d4b1d24895f49978134d6d8) Importer(815301076,1909f56bfc062723c751e8b465ee728b)  -> (artifact id: 'e3aedd0d47408df62ef8d814636d5531') in 0.011309 seconds 
========================================================================
Received Import Request.
  Time since last request: 0.000193 seconds.
  path: Assets/Models/Hero/chr_knight-5.obj
  artifactKey: Guid(58da07c2f879a9345baafb5d414ab8a4) Importer(815301076,1909f56bfc062723c751e8b465ee728b)
Start importing Assets/Models/Hero/chr_knight-5.obj using Guid(58da07c2f879a9345baafb5d414ab8a4) Importer(815301076,1909f56bfc062723c751e8b465ee728b)  -> (artifact id: 'd2d7aa563a69bcec05c1bc9ef3e5e3d1') in 0.031606 seconds 
========================================================================
Received Import Request.
  Time since last request: 0.000201 seconds.
  path: Assets/Models/Hero/chr_knight-4.png
  artifactKey: Guid(a27dcc27f44eff541922473bf8ed18b8) Importer(815301076,1909f56bfc062723c751e8b465ee728b)
Start importing Assets/Models/Hero/chr_knight-4.png using Guid(a27dcc27f44eff541922473bf8ed18b8) Importer(815301076,1909f56bfc062723c751e8b465ee728b)  -> (artifact id: '2e0bbc2a04b0f0f100a832b414a02092') in 0.006385 seconds 
========================================================================
Received Import Request.
  Time since last request: 0.000180 seconds.
  path: Assets/Models/Hero/chr_knight-1.obj
  artifactKey: Guid(0f8a48f23e8df08478c7a5323cb6e668) Importer(815301076,1909f56bfc062723c751e8b465ee728b)
Start importing Assets/Models/Hero/chr_knight-1.obj using Guid(0f8a48f23e8df08478c7a5323cb6e668) Importer(815301076,1909f56bfc062723c751e8b465ee728b)  -> (artifact id: 'fa0e1dc131b7ca0714dbb9a7f02742a9') in 0.035589 seconds 
========================================================================
Received Import Request.
  Time since last request: 0.000141 seconds.
  path: Assets/Models/Hero/chr_knight-2.png
  artifactKey: Guid(ce3539154867a7847a331feda9404e0e) Importer(815301076,1909f56bfc062723c751e8b465ee728b)
Start importing Assets/Models/Hero/chr_knight-2.png using Guid(ce3539154867a7847a331feda9404e0e) Importer(815301076,1909f56bfc062723c751e8b465ee728b)  -> (artifact id: 'b2a22230a2c9332ba2cded11a8056e2d') in 0.005494 seconds 
========================================================================
Received Import Request.
  Time since last request: 51.228023 seconds.
  path: Assets/Models/Hero/chr_knight-1.obj
  artifactKey: Guid(0f8a48f23e8df08478c7a5323cb6e668) Importer(815301076,1909f56bfc062723c751e8b465ee728b)
Start importing Assets/Models/Hero/chr_knight-1.obj using Guid(0f8a48f23e8df08478c7a5323cb6e668) Importer(815301076,1909f56bfc062723c751e8b465ee728b)  -> (artifact id: 'b1b6407b63399c8e47dd62c623f84f23') in 0.018187 seconds 
========================================================================
Received Import Request.
  Time since last request: 0.000124 seconds.
  path: Assets/Models/Hero/chr_knight-3.obj
  artifactKey: Guid(8cf4a17026e1f3b48b5a31545576ad0e) Importer(815301076,1909f56bfc062723c751e8b465ee728b)
Start importing Assets/Models/Hero/chr_knight-3.obj using Guid(8cf4a17026e1f3b48b5a31545576ad0e) Importer(815301076,1909f56bfc062723c751e8b465ee728b)  -> (artifact id: '9b57d0f60040eca5045743116c08db0d') in 0.017259 seconds 
========================================================================
Received Import Request.
  Time since last request: 0.000180 seconds.
  path: Assets/Models/Hero/chr_knight-4.obj
  artifactKey: Guid(35c41d5585c2976489838d66e53c7c86) Importer(815301076,1909f56bfc062723c751e8b465ee728b)
Start importing Assets/Models/Hero/chr_knight-4.obj using Guid(35c41d5585c2976489838d66e53c7c86) Importer(815301076,1909f56bfc062723c751e8b465ee728b)  -> (artifact id: 'd243945b4e6f307d691af760e75918ef') in 0.016199 seconds 
========================================================================
Received Import Request.
  Time since last request: 0.000158 seconds.
  path: Assets/Models/Hero/chr_knight-2.obj
  artifactKey: Guid(65dbca33c67fd9740a787a47b23f3361) Importer(815301076,1909f56bfc062723c751e8b465ee728b)
Start importing Assets/Models/Hero/chr_knight-2.obj using Guid(65dbca33c67fd9740a787a47b23f3361) Importer(815301076,1909f56bfc062723c751e8b465ee728b)  -> (artifact id: '4ccd4daf875b092b03cdd83765924812') in 0.019535 seconds 
========================================================================
Received Import Request.
  Time since last request: 0.000160 seconds.
  path: Assets/Models/Hero/chr_knight-5.obj
  artifactKey: Guid(58da07c2f879a9345baafb5d414ab8a4) Importer(815301076,1909f56bfc062723c751e8b465ee728b)
Start importing Assets/Models/Hero/chr_knight-5.obj using Guid(58da07c2f879a9345baafb5d414ab8a4) Importer(815301076,1909f56bfc062723c751e8b465ee728b)  -> (artifact id: 'c06d6e120e8c39337561892724ac7239') in 0.017434 seconds 
========================================================================
Received Import Request.
  Time since last request: 97.469323 seconds.
  path: Assets/Models/Hero/chr_knight-0.obj
  artifactKey: Guid(5e253dafc9ee7524181b3559539baea2) Importer(815301076,1909f56bfc062723c751e8b465ee728b)
Start importing Assets/Models/Hero/chr_knight-0.obj using Guid(5e253dafc9ee7524181b3559539baea2) Importer(815301076,1909f56bfc062723c751e8b465ee728b)  -> (artifact id: '3cb2867bc2d8c16c39052a72e8359722') in 0.049134 seconds 
========================================================================
Received Import Request.
  Time since last request: 4.083691 seconds.
  path: Assets/Models/Hero/chr_knight-1.obj
  artifactKey: Guid(0f8a48f23e8df08478c7a5323cb6e668) Importer(815301076,1909f56bfc062723c751e8b465ee728b)
Start importing Assets/Models/Hero/chr_knight-1.obj using Guid(0f8a48f23e8df08478c7a5323cb6e668) Importer(815301076,1909f56bfc062723c751e8b465ee728b)  -> (artifact id: 'b56605f9db1e0adbf294d3945a7f77d2') in 0.031334 seconds 
========================================================================
Received Import Request.
  Time since last request: 4.894708 seconds.
  path: Assets/Models/Hero/chr_knight-2.obj
  artifactKey: Guid(65dbca33c67fd9740a787a47b23f3361) Importer(815301076,1909f56bfc062723c751e8b465ee728b)
Start importing Assets/Models/Hero/chr_knight-2.obj using Guid(65dbca33c67fd9740a787a47b23f3361) Importer(815301076,1909f56bfc062723c751e8b465ee728b)  -> (artifact id: 'febdace64ab6bdca7e5dea2fb8aabc07') in 0.019680 seconds 
========================================================================
Received Import Request.
  Time since last request: 5.253985 seconds.
  path: Assets/Models/Hero/chr_knight-3.obj
  artifactKey: Guid(8cf4a17026e1f3b48b5a31545576ad0e) Importer(815301076,1909f56bfc062723c751e8b465ee728b)
Start importing Assets/Models/Hero/chr_knight-3.obj using Guid(8cf4a17026e1f3b48b5a31545576ad0e) Importer(815301076,1909f56bfc062723c751e8b465ee728b)  -> (artifact id: '908754189d5af879ac2e85cbfc6d50bd') in 0.019334 seconds 
========================================================================
Received Import Request.
  Time since last request: 4.210196 seconds.
  path: Assets/Models/Hero/chr_knight-4.obj
  artifactKey: Guid(35c41d5585c2976489838d66e53c7c86) Importer(815301076,1909f56bfc062723c751e8b465ee728b)
Start importing Assets/Models/Hero/chr_knight-4.obj using Guid(35c41d5585c2976489838d66e53c7c86) Importer(815301076,1909f56bfc062723c751e8b465ee728b)  -> (artifact id: 'e0b306e8a0eb2030b719dccc9a103d2b') in 0.022194 seconds 
========================================================================
Received Import Request.
  Time since last request: 21.119014 seconds.
  path: Assets/Models/Hero/chr_knight-5.obj
  artifactKey: Guid(58da07c2f879a9345baafb5d414ab8a4) Importer(815301076,1909f56bfc062723c751e8b465ee728b)
Start importing Assets/Models/Hero/chr_knight-5.obj using Guid(58da07c2f879a9345baafb5d414ab8a4) Importer(815301076,1909f56bfc062723c751e8b465ee728b)  -> (artifact id: 'fb02a0a2631b470c2df160f83258cc64') in 0.026302 seconds 
========================================================================
Received Import Request.
  Time since last request: 29.618122 seconds.
  path: Assets/Models/Hero/chr_knight-5.obj
  artifactKey: Guid(58da07c2f879a9345baafb5d414ab8a4) Importer(815301076,1909f56bfc062723c751e8b465ee728b)
Start importing Assets/Models/Hero/chr_knight-5.obj using Guid(58da07c2f879a9345baafb5d414ab8a4) Importer(815301076,1909f56bfc062723c751e8b465ee728b)  -> (artifact id: '9289de08d4e035a9fead711c5690991d') in 0.017963 seconds 
========================================================================
Received Import Request.
  Time since last request: 1.977342 seconds.
  path: Assets/Models/Hero/chr_knight-4.obj
  artifactKey: Guid(35c41d5585c2976489838d66e53c7c86) Importer(815301076,1909f56bfc062723c751e8b465ee728b)
Start importing Assets/Models/Hero/chr_knight-4.obj using Guid(35c41d5585c2976489838d66e53c7c86) Importer(815301076,1909f56bfc062723c751e8b465ee728b)  -> (artifact id: '1bce1afb4ae9a2f9c5b71a532721ff63') in 0.017806 seconds 
========================================================================
Received Import Request.
  Time since last request: 2.007640 seconds.
  path: Assets/Models/Hero/chr_knight-3.obj
  artifactKey: Guid(8cf4a17026e1f3b48b5a31545576ad0e) Importer(815301076,1909f56bfc062723c751e8b465ee728b)
Start importing Assets/Models/Hero/chr_knight-3.obj using Guid(8cf4a17026e1f3b48b5a31545576ad0e) Importer(815301076,1909f56bfc062723c751e8b465ee728b)  -> (artifact id: 'bd6e64d750d557ebd35e4904d4e02e78') in 0.018000 seconds 
========================================================================
Received Import Request.
  Time since last request: 2.842353 seconds.
  path: Assets/Models/Hero/chr_knight-2.obj
  artifactKey: Guid(65dbca33c67fd9740a787a47b23f3361) Importer(815301076,1909f56bfc062723c751e8b465ee728b)
Start importing Assets/Models/Hero/chr_knight-2.obj using Guid(65dbca33c67fd9740a787a47b23f3361) Importer(815301076,1909f56bfc062723c751e8b465ee728b)  -> (artifact id: '521389af3c89cdc1cf8c9e2666d101b8') in 0.018034 seconds 
========================================================================
Received Import Request.
  Time since last request: 1.611278 seconds.
  path: Assets/Models/Hero/chr_knight-1.obj
  artifactKey: Guid(0f8a48f23e8df08478c7a5323cb6e668) Importer(815301076,1909f56bfc062723c751e8b465ee728b)
Start importing Assets/Models/Hero/chr_knight-1.obj using Guid(0f8a48f23e8df08478c7a5323cb6e668) Importer(815301076,1909f56bfc062723c751e8b465ee728b)  -> (artifact id: '8fc7f37ce9229fbae09f864f285aad95') in 0.024522 seconds 
========================================================================
Received Import Request.
  Time since last request: 1.713653 seconds.
  path: Assets/Models/Hero/chr_knight-0.obj
  artifactKey: Guid(5e253dafc9ee7524181b3559539baea2) Importer(815301076,1909f56bfc062723c751e8b465ee728b)
Start importing Assets/Models/Hero/chr_knight-0.obj using Guid(5e253dafc9ee7524181b3559539baea2) Importer(815301076,1909f56bfc062723c751e8b465ee728b)  -> (artifact id: 'e8ef9ce4451f35e42601759074644616') in 0.018348 seconds 
========================================================================
Received Import Request.
  Time since last request: 94.370325 seconds.
  path: Assets/Models/Hero/chr_knight-1.obj
  artifactKey: Guid(0f8a48f23e8df08478c7a5323cb6e668) Importer(815301076,1909f56bfc062723c751e8b465ee728b)
Start importing Assets/Models/Hero/chr_knight-1.obj using Guid(0f8a48f23e8df08478c7a5323cb6e668) Importer(815301076,1909f56bfc062723c751e8b465ee728b)  -> (artifact id: 'aed3c5c600bf5386a8af57b3e6e26503') in 0.018151 seconds 
========================================================================
Received Import Request.
  Time since last request: 14.327548 seconds.
  path: Assets/Models/Hero/chr_knight-2.obj
  artifactKey: Guid(65dbca33c67fd9740a787a47b23f3361) Importer(815301076,1909f56bfc062723c751e8b465ee728b)
Start importing Assets/Models/Hero/chr_knight-2.obj using Guid(65dbca33c67fd9740a787a47b23f3361) Importer(815301076,1909f56bfc062723c751e8b465ee728b)  -> (artifact id: 'db7af915c68ad842e9fda281e11390b2') in 0.019256 seconds 
========================================================================
Received Import Request.
  Time since last request: 7.335899 seconds.
  path: Assets/Models/Hero/chr_knight-3.obj
  artifactKey: Guid(8cf4a17026e1f3b48b5a31545576ad0e) Importer(815301076,1909f56bfc062723c751e8b465ee728b)
Start importing Assets/Models/Hero/chr_knight-3.obj using Guid(8cf4a17026e1f3b48b5a31545576ad0e) Importer(815301076,1909f56bfc062723c751e8b465ee728b)  -> (artifact id: '58fad0c472587428cfa3cffe5dd9cbb4') in 0.015842 seconds 
========================================================================
Received Import Request.
  Time since last request: 5.829711 seconds.
  path: Assets/Models/Hero/chr_knight-4.obj
  artifactKey: Guid(35c41d5585c2976489838d66e53c7c86) Importer(815301076,1909f56bfc062723c751e8b465ee728b)
Start importing Assets/Models/Hero/chr_knight-4.obj using Guid(35c41d5585c2976489838d66e53c7c86) Importer(815301076,1909f56bfc062723c751e8b465ee728b)  -> (artifact id: '0c6d798df771389a34c5ae009b59bd67') in 0.016450 seconds 
========================================================================
Received Import Request.
  Time since last request: 837.533153 seconds.
  path: Assets/Models/Hero/chr_knight-3.obj
  artifactKey: Guid(8cf4a17026e1f3b48b5a31545576ad0e) Importer(815301076,1909f56bfc062723c751e8b465ee728b)
Start importing Assets/Models/Hero/chr_knight-3.obj using Guid(8cf4a17026e1f3b48b5a31545576ad0e) Importer(815301076,1909f56bfc062723c751e8b465ee728b)  -> (artifact id: '24c82b92c6c42c9ec467a80dad5e0031') in 0.028746 seconds 
========================================================================
Received Import Request.
  Time since last request: 155.972407 seconds.
  path: Assets/Models/Hero/chr_knight-0.obj
  artifactKey: Guid(5e253dafc9ee7524181b3559539baea2) Importer(815301076,1909f56bfc062723c751e8b465ee728b)
Start importing Assets/Models/Hero/chr_knight-0.obj using Guid(5e253dafc9ee7524181b3559539baea2) Importer(815301076,1909f56bfc062723c751e8b465ee728b)  -> (artifact id: '7cab2c9268b34137a604f2b7a708436b') in 0.019548 seconds 
AssetImportWorkerClient::OnTransportError - code=2 error=End of file
